TN:
SF:script/FactoryDeployer.s.sol
FN:11,TankGameDeployerScript.run
FNDA:0,TankGameDeployerScript.run
DA:12,0
DA:13,0
DA:14,0
DA:15,0
FNF:1
FNH:0
LF:4
LH:0
BRF:0
BRH:0
end_of_record
TN:
SF:script/TankGameDeployer.s.sol
FN:13,TankGameDeployerScript.run
FNDA:0,TankGameDeployerScript.run
DA:14,0
DA:15,0
DA:37,0
DA:38,0
DA:49,0
DA:51,0
DA:52,0
DA:53,0
DA:54,0
DA:56,0
DA:57,0
DA:58,0
DA:59,0
DA:61,0
DA:63,0
FNF:1
FNH:0
LF:15
LH:0
BRF:0
BRH:0
end_of_record
TN:
SF:src/base/HexBoard.sol
FN:14,HexBoard.getTotalTiles
FNDA:0,HexBoard.getTotalTiles
DA:15,0
DA:16,0
FN:19,HexBoard.getDistance
FNDA:2,HexBoard.getDistance
DA:20,2
FN:23,HexBoard._getDistance
FNDA:21560,HexBoard._getDistance
DA:25,21560
DA:26,21560
DA:27,21560
DA:28,21560
FN:31,HexBoard.getDistanceTanks
FNDA:0,HexBoard.getDistanceTanks
DA:32,0
DA:33,0
DA:34,0
FN:37,HexBoard.getDistanceTankToPoint
FNDA:1,HexBoard.getDistanceTankToPoint
DA:38,1
DA:39,1
FN:42,HexBoard.pointToIndex
FNDA:0,HexBoard.pointToIndex
DA:43,1636
FN:46,HexBoard.isValidPoint
FNDA:10005,HexBoard.isValidPoint
DA:48,21558
DA:49,21557
FN:55,HexBoard.randomPoint
FNDA:10000,HexBoard.randomPoint
DA:56,10280
DA:57,10280
DA:58,10280
DA:59,10280
DA:60,10280
DA:69,11553
DA:71,10280
FN:74,HexBoard.getEmptyTile
FNDA:279,HexBoard.getEmptyTile
DA:75,279
DA:76,279
DA:77,279
DA:78,280
DA:79,1
DA:80,1
DA:81,1
DA:82,1
DA:84,279
FN:87,HexBoard.setTile
FNDA:282,HexBoard.setTile
DA:88,282
DA:89,282
DA:90,282
DA:91,282
FN:94,HexBoard.getTile
FNDA:4,HexBoard.getTile
DA:95,4
FN:98,HexBoard.getTankPosition
FNDA:6,HexBoard.getTankPosition
DA:99,6
FN:102,HexBoard.getHeartAtPosition
FNDA:1066,HexBoard.getHeartAtPosition
DA:103,1066
FN:106,HexBoard.getPerimeterForRadius
FNDA:3,HexBoard.getPerimeterForRadius
DA:107,3
FNF:14
FNH:11
LF:39
LH:34
BRF:0
BRH:0
end_of_record
TN:
SF:src/base/TankGameFactory.sol
FN:10,TankGameFactory.createGame
FNDA:2,TankGameFactory.createGame
DA:11,2
DA:12,1
DA:13,1
FNF:1
FNH:1
LF:3
LH:3
BRF:0
BRH:0
end_of_record
TN:
SF:src/base/TankGameV2.sol
FN:73,TankGame.donate
FNDA:1,TankGame.donate
DA:74,1
BRDA:74,0,0,-
BRDA:74,0,1,1
DA:75,1
FN:78,TankGame._handleDonation
FNDA:1,TankGame._handleDonation
DA:79,1
DA:80,1
FN:83,TankGame.isAuth
FNDA:15,TankGame.isAuth
DA:84,77
FN:89,TankGame.join
FNDA:277,TankGame.join
DA:90,277
BRDA:90,1,0,1
BRDA:90,1,1,276
DA:91,276
BRDA:91,2,0,1
BRDA:91,2,1,275
DA:92,275
BRDA:92,3,0,1
BRDA:92,3,1,274
DA:93,274
DA:94,274
BRDA:94,4,0,-
BRDA:94,4,1,274
DA:97,274
DA:98,274
DA:99,274
DA:101,274
DA:102,274
DA:103,274
DA:104,274
DA:105,274
DA:106,274
DA:107,274
FN:110,TankGame.start
FNDA:33,TankGame.start
DA:111,33
BRDA:111,5,0,-
BRDA:111,5,1,33
DA:112,33
DA:113,33
DA:114,33
FN:117,TankGame.move
FNDA:5,TankGame.move
DA:124,5
DA:125,5
DA:126,5
BRDA:126,6,0,1
BRDA:126,6,1,4
DA:127,4
DA:128,4
BRDA:128,7,0,1
BRDA:128,7,1,3
DA:129,3
DA:130,3
BRDA:130,8,0,1
BRDA:130,8,1,2
DA:132,2
DA:133,2
DA:134,2
DA:135,2
DA:136,2
DA:137,2
FN:140,TankGame.shoot
FNDA:33,TankGame.shoot
DA:148,31
DA:149,31
DA:150,31
DA:151,31
DA:152,31
BRDA:152,9,0,1
BRDA:152,9,1,30
DA:153,30
BRDA:153,10,0,1
BRDA:153,10,1,29
DA:154,29
BRDA:154,11,0,1
BRDA:154,11,1,28
DA:157,28
DA:158,4
DA:159,4
DA:160,2
BRDA:160,12,0,-
BRDA:160,12,1,2
DA:163,26
DA:164,26
DA:165,26
DA:166,26
BRDA:166,13,0,22
BRDA:166,13,1,26
DA:168,22
DA:169,22
DA:170,22
DA:171,22
DA:173,22
DA:177,26
DA:178,2
DA:179,2
DA:180,2
BRDA:180,14,0,-
BRDA:180,14,1,2
FN:184,TankGame.give
FNDA:9,TankGame.give
DA:190,9
DA:191,9
DA:192,9
DA:193,9
DA:194,9
BRDA:194,15,0,1
BRDA:194,15,1,8
DA:195,8
BRDA:195,16,0,1
BRDA:195,16,1,7
DA:196,7
DA:197,7
BRDA:197,17,0,1
BRDA:197,17,1,6
DA:199,6
DA:200,6
DA:201,6
BRDA:201,18,0,2
BRDA:201,18,1,6
DA:202,2
DA:203,2
DA:204,2
DA:206,2
DA:208,6
DA:209,6
DA:210,6
DA:211,6
BRDA:211,19,0,1
BRDA:211,19,1,6
DA:212,1
FN:216,TankGame.upgrade
FNDA:3,TankGame.upgrade
DA:223,3
DA:224,3
DA:225,3
BRDA:225,20,0,1
BRDA:225,20,1,2
DA:226,2
DA:227,2
DA:228,2
FN:231,TankGame.vote
FNDA:7,TankGame.vote
DA:239,5
DA:240,5
DA:241,5
DA:242,5
BRDA:242,21,0,1
BRDA:242,21,1,4
DA:243,4
BRDA:243,22,0,-
BRDA:243,22,1,4
DA:245,4
DA:246,4
DA:247,4
BRDA:247,23,0,2
BRDA:247,23,1,1
DA:248,3
BRDA:248,24,0,2
BRDA:248,24,1,1
DA:249,2
DA:251,1
DA:253,3
DA:254,3
DA:256,4
FN:259,TankGame.drip
FNDA:14,TankGame.drip
DA:260,14
DA:261,14
DA:263,14
BRDA:263,25,0,1
BRDA:263,25,1,13
DA:264,13
DA:265,13
BRDA:265,26,0,2
BRDA:265,26,1,11
DA:266,11
DA:267,11
DA:269,11
DA:270,11
FN:273,TankGame.claim
FNDA:5,TankGame.claim
DA:274,5
DA:275,5
DA:276,5
BRDA:276,27,0,-
BRDA:276,27,1,5
DA:277,5
BRDA:277,28,0,1
BRDA:277,28,1,4
DA:278,4
DA:280,4
DA:281,7
BRDA:281,29,0,-
BRDA:281,29,1,4
DA:283,4
DA:284,4
DA:285,4
DA:286,4
DA:287,4
DA:290,0
FN:293,TankGame.delegate
FNDA:2,TankGame.delegate
DA:294,1
DA:295,1
DA:296,1
DA:297,1
FN:300,TankGame.reveal
FNDA:5,TankGame.reveal
DA:301,5
BRDA:301,30,0,-
BRDA:301,30,1,5
DA:302,5
DA:304,5
BRDA:304,31,0,4
BRDA:304,31,1,5
DA:305,4
DA:307,5
DA:308,5
FN:311,TankGame.addHooks
FNDA:6,TankGame.addHooks
DA:313,5
BRDA:313,32,0,-
BRDA:313,32,1,5
DA:314,5
DA:315,5
FN:321,TankGame._handleDeath
FNDA:23,TankGame._handleDeath
DA:322,23
DA:323,23
DA:324,23
DA:325,23
DA:326,23
BRDA:326,33,0,-
BRDA:326,33,1,2
DA:327,2
DA:328,2
DA:332,2
DA:333,2
DA:334,2
FN:338,TankGame._spawnResource
FNDA:4,TankGame._spawnResource
DA:339,4
DA:340,4
DA:341,4
DA:342,4
FN:345,TankGame._getEpoch
FNDA:54,TankGame._getEpoch
DA:346,54
FN:352,TankGame.getEpoch
FNDA:0,TankGame.getEpoch
DA:353,0
FN:356,TankGame.getTank
FNDA:23,TankGame.getTank
DA:357,23
FN:360,TankGame.getPlayerCount
FNDA:3,TankGame.getPlayerCount
DA:361,3
FN:364,TankGame.getBoard
FNDA:1093,TankGame.getBoard
DA:365,1093
FN:368,TankGame.getSettings
FNDA:22,TankGame.getSettings
DA:369,22
FN:372,TankGame._getLastDrip
FNDA:16,TankGame._getLastDrip
DA:373,16
DA:374,16
FN:377,TankGame.getLastDrip
FNDA:2,TankGame.getLastDrip
DA:378,2
FN:381,TankGame.getUpgradeCost
FNDA:0,TankGame.getUpgradeCost
DA:383,3
FNF:26
FNH:24
LF:160
LH:158
BRF:68
BRH:57
end_of_record
TN:
SF:src/hooks/Bounty.sol
FN:35,Bounty.afterShoot
FNDA:1,Bounty.afterShoot
DA:44,1
DA:45,1
DA:46,1
BRDA:46,0,0,1
BRDA:46,0,1,1
DA:48,1
DA:49,1
BRDA:49,1,0,1
BRDA:49,1,1,1
DA:51,1
DA:52,1
DA:53,1
DA:56,1
FN:59,Bounty.createBounty
FNDA:2,Bounty.createBounty
DA:60,1
DA:61,1
FN:64,Bounty.withdrawBounty
FNDA:1,Bounty.withdrawBounty
DA:66,1
DA:67,1
BRDA:67,2,0,-
BRDA:67,2,1,1
DA:68,1
DA:69,1
DA:70,1
FNF:3
FNH:3
LF:16
LH:16
BRF:6
BRH:5
end_of_record
TN:
SF:src/hooks/DefaultEmptyHooks.sol
FN:9,DefaultEmptyHooks.afterJoin
FNDA:0,DefaultEmptyHooks.afterJoin
DA:20,0
FN:23,DefaultEmptyHooks.beforeJoin
FNDA:0,DefaultEmptyHooks.beforeJoin
DA:34,0
FN:37,DefaultEmptyHooks.beforeGive
FNDA:0,DefaultEmptyHooks.beforeGive
DA:48,0
FN:51,DefaultEmptyHooks.afterGive
FNDA:0,DefaultEmptyHooks.afterGive
DA:52,0
FN:55,DefaultEmptyHooks.beforeMove
FNDA:0,DefaultEmptyHooks.beforeMove
DA:65,0
FN:68,DefaultEmptyHooks.afterMove
FNDA:0,DefaultEmptyHooks.afterMove
DA:69,0
FN:72,DefaultEmptyHooks.beforeShoot
FNDA:1,DefaultEmptyHooks.beforeShoot
DA:82,1
FN:85,DefaultEmptyHooks.afterShoot
FNDA:1,DefaultEmptyHooks.afterShoot
DA:95,1
FN:98,DefaultEmptyHooks.beforeUpgrade
FNDA:0,DefaultEmptyHooks.beforeUpgrade
DA:108,0
FN:111,DefaultEmptyHooks.afterUpgrade
FNDA:0,DefaultEmptyHooks.afterUpgrade
DA:121,0
FN:124,DefaultEmptyHooks.beforeVote
FNDA:0,DefaultEmptyHooks.beforeVote
DA:134,0
FN:137,DefaultEmptyHooks.afterVote
FNDA:0,DefaultEmptyHooks.afterVote
DA:138,0
FN:141,DefaultEmptyHooks.beforeClaim
FNDA:0,DefaultEmptyHooks.beforeClaim
DA:152,0
FN:155,DefaultEmptyHooks.afterClaim
FNDA:0,DefaultEmptyHooks.afterClaim
DA:166,0
FN:169,DefaultEmptyHooks.beforeDelegate
FNDA:0,DefaultEmptyHooks.beforeDelegate
DA:179,0
FN:182,DefaultEmptyHooks.afterDelegate
FNDA:0,DefaultEmptyHooks.afterDelegate
DA:192,0
FN:195,DefaultEmptyHooks.beforeDrip
FNDA:0,DefaultEmptyHooks.beforeDrip
DA:196,0
FN:199,DefaultEmptyHooks.afterDrip
FNDA:0,DefaultEmptyHooks.afterDrip
DA:200,0
FN:203,DefaultEmptyHooks.beforeReveal
FNDA:0,DefaultEmptyHooks.beforeReveal
DA:204,0
FN:207,DefaultEmptyHooks.afterReveal
FNDA:0,DefaultEmptyHooks.afterReveal
DA:208,0
FNF:20
FNH:2
LF:20
LH:2
BRF:0
BRH:0
end_of_record
TN:
SF:src/hooks/NonAggression.sol
FN:32,NonAggression.beforeShoot
FNDA:3,NonAggression.beforeShoot
DA:42,3
BRDA:42,0,0,2
BRDA:42,0,1,1
DA:43,1
FN:46,NonAggression.accept
FNDA:5,NonAggression.accept
DA:47,5
BRDA:47,1,0,1
BRDA:47,1,1,4
DA:48,4
DA:49,4
BRDA:49,2,0,1
BRDA:49,2,1,3
DA:51,3
DA:52,3
DA:55,3
BRDA:55,3,0,-
BRDA:55,3,1,1
DA:56,2
DA:57,1
DA:60,2
FN:63,NonAggression.propose
FNDA:1,NonAggression.propose
DA:64,2
DA:65,2
FNF:3
FNH:3
LF:13
LH:13
BRF:8
BRH:7
end_of_record
TN:
SF:src/view/GameView.sol
FN:25,GameView.getAllTanks
FNDA:1,GameView.getAllTanks
DA:26,1
DA:29,1
DA:30,1
DA:31,1
DA:32,1
DA:34,1
FN:38,GameView.getAllHearts
FNDA:2,GameView.getAllHearts
DA:41,2
DA:42,2
DA:43,2
DA:44,2
DA:46,52
DA:47,52
DA:48,52
DA:49,1066
DA:50,1066
DA:51,1066
BRDA:51,0,0,-
BRDA:51,0,1,1
DA:52,1
DA:53,1
DA:54,1
DA:60,2
DA:61,2
DA:62,1
DA:65,2
FNF:2
FNH:2
LF:23
LH:23
BRF:2
BRH:1
end_of_record
