TN:
SF:script/TankGameDeployer.s.sol
FN:13,TankGameDeployerScript.run
FNDA:0,TankGameDeployerScript.run
DA:14,0
DA:15,0
DA:16,0
DA:29,0
DA:31,0
DA:32,0
DA:33,0
DA:34,0
DA:35,0
FNF:1
FNH:0
LF:9
LH:0
BRF:0
BRH:0
end_of_record
TN:
SF:src/base/HexBoard.sol
FN:14,HexBoard.getTotalTiles
FNDA:0,HexBoard.getTotalTiles
DA:15,0
DA:16,0
FN:19,HexBoard.getDistance
FNDA:2,HexBoard.getDistance
DA:20,2
FN:23,HexBoard._getDistance
FNDA:22282,HexBoard._getDistance
DA:25,22282
DA:26,22282
DA:27,22282
DA:28,22282
FN:31,HexBoard.getDistanceTanks
FNDA:0,HexBoard.getDistanceTanks
DA:32,0
DA:33,0
DA:34,0
FN:37,HexBoard.getDistanceTankToPoint
FNDA:1,HexBoard.getDistanceTankToPoint
DA:38,1
DA:39,1
FN:42,HexBoard.pointToIndex
FNDA:0,HexBoard.pointToIndex
DA:43,490
DA:44,490
FN:47,HexBoard.isValidPoint
FNDA:10005,HexBoard.isValidPoint
DA:49,22280
FN:56,HexBoard.randomPoint
FNDA:10000,HexBoard.randomPoint
DA:57,10241
DA:58,10241
DA:59,10241
DA:60,10241
DA:61,10241
DA:67,12275
DA:69,10241
FN:72,HexBoard.getEmptyTile
FNDA:238,HexBoard.getEmptyTile
DA:73,238
DA:74,238
DA:75,238
DA:76,241
DA:77,3
DA:78,3
DA:79,3
DA:80,3
DA:82,238
FN:85,HexBoard.setTile
FNDA:241,HexBoard.setTile
DA:86,241
DA:87,241
DA:88,241
DA:89,241
FN:92,HexBoard.getTile
FNDA:4,HexBoard.getTile
DA:93,4
FN:96,HexBoard.getTankPosition
FNDA:6,HexBoard.getTankPosition
DA:97,6
FN:100,HexBoard.getPerimeterForRadius
FNDA:6,HexBoard.getPerimeterForRadius
DA:101,6
FNF:13
FNH:10
LF:38
LH:33
BRF:0
BRH:0
end_of_record
TN:
SF:src/base/TankGameFactory.sol
FN:10,TankGameFactory.createGame
FNDA:1,TankGameFactory.createGame
DA:11,1
DA:12,1
DA:13,1
FNF:1
FNH:1
LF:3
LH:3
BRF:0
BRH:0
end_of_record
TN:
SF:src/base/TankGameV2.sol
FN:63,TankGame.donate
FNDA:1,TankGame.donate
DA:64,1
DA:65,1
FN:70,TankGame.join
FNDA:237,TankGame.join
DA:71,237
BRDA:71,0,0,1
BRDA:71,0,1,236
DA:72,236
BRDA:72,1,0,1
BRDA:72,1,1,235
DA:73,235
BRDA:73,2,0,1
BRDA:73,2,1,234
DA:76,234
DA:77,234
DA:78,234
DA:80,234
DA:81,234
DA:82,234
DA:83,234
DA:84,234
DA:85,234
DA:86,234
BRDA:86,3,0,-
BRDA:86,3,1,29
DA:87,29
DA:88,29
DA:89,29
DA:91,234
FN:94,TankGame.move
FNDA:5,TankGame.move
DA:103,5
BRDA:103,4,0,1
BRDA:103,4,1,4
DA:104,4
DA:105,4
BRDA:105,5,0,1
BRDA:105,5,1,3
DA:106,3
DA:107,3
BRDA:107,6,0,1
BRDA:107,6,1,2
DA:109,2
DA:110,2
DA:111,2
DA:112,2
DA:113,2
DA:114,2
FN:117,TankGame.shoot
FNDA:19,TankGame.shoot
DA:128,17
DA:129,17
BRDA:129,7,0,1
BRDA:129,7,1,16
DA:130,16
BRDA:130,8,0,1
BRDA:130,8,1,15
DA:131,15
BRDA:131,9,0,1
BRDA:131,9,1,14
DA:133,14
DA:134,14
DA:135,14
BRDA:135,10,0,-
BRDA:135,10,1,1
DA:136,12
DA:137,12
DA:138,12
DA:139,12
DA:140,12
BRDA:140,11,0,-
BRDA:140,11,1,1
DA:141,1
DA:142,1
DA:146,1
DA:147,1
DA:148,1
DA:151,14
FN:154,TankGame.give
FNDA:8,TankGame.give
DA:165,8
BRDA:165,12,0,1
BRDA:165,12,1,7
DA:166,7
BRDA:166,13,0,1
BRDA:166,13,1,6
DA:167,6
DA:168,6
BRDA:168,14,0,1
BRDA:168,14,1,5
DA:170,5
DA:171,5
DA:172,5
BRDA:172,15,0,2
BRDA:172,15,1,5
DA:173,2
DA:174,2
DA:175,2
DA:177,2
DA:179,5
DA:180,5
DA:181,5
FN:184,TankGame.upgrade
FNDA:3,TankGame.upgrade
DA:185,3
DA:190,3
DA:191,3
BRDA:191,16,0,1
BRDA:191,16,1,2
DA:192,2
DA:193,2
DA:194,2
FN:197,TankGame.vote
FNDA:7,TankGame.vote
DA:207,5
DA:208,5
BRDA:208,17,0,1
BRDA:208,17,1,4
DA:209,4
BRDA:209,18,0,-
BRDA:209,18,1,4
DA:211,4
DA:212,4
BRDA:212,19,0,2
BRDA:212,19,1,1
DA:213,3
BRDA:213,20,0,2
BRDA:213,20,1,1
DA:214,2
DA:216,1
DA:218,3
DA:219,3
DA:221,4
DA:222,4
FN:225,TankGame.drip
FNDA:11,TankGame.drip
DA:226,11
DA:227,11
BRDA:227,21,0,1
BRDA:227,21,1,10
DA:228,10
DA:229,10
BRDA:229,22,0,2
BRDA:229,22,1,8
DA:230,8
DA:231,8
DA:233,8
DA:234,8
FN:237,TankGame.claim
FNDA:3,TankGame.claim
DA:238,3
BRDA:238,23,0,-
BRDA:238,23,1,3
DA:240,3
DA:241,6
BRDA:241,24,0,-
BRDA:241,24,1,3
DA:243,3
DA:244,3
DA:245,3
DA:246,3
DA:247,3
DA:248,3
DA:251,0
FN:254,TankGame.delegate
FNDA:2,TankGame.delegate
DA:255,1
DA:256,1
FN:259,TankGame.reveal
FNDA:4,TankGame.reveal
DA:260,4
BRDA:260,25,0,-
BRDA:260,25,1,4
DA:261,4
DA:263,4
BRDA:263,26,0,3
BRDA:263,26,1,4
DA:264,3
DA:266,4
DA:267,4
FN:270,TankGame.spawnResource
FNDA:3,TankGame.spawnResource
DA:271,3
DA:272,3
DA:273,3
DA:274,3
FN:277,TankGame._getEpoch
FNDA:47,TankGame._getEpoch
DA:278,47
FN:281,TankGame.getEpoch
FNDA:0,TankGame.getEpoch
DA:282,0
FN:285,TankGame.getTank
FNDA:18,TankGame.getTank
DA:286,18
FN:289,TankGame.getPlayerCount
FNDA:3,TankGame.getPlayerCount
DA:290,3
FN:293,TankGame.getBoard
FNDA:22,TankGame.getBoard
DA:294,22
FN:297,TankGame.getSettings
FNDA:13,TankGame.getSettings
DA:298,13
FN:301,TankGame._getLastDrip
FNDA:13,TankGame._getLastDrip
DA:302,13
DA:303,13
FN:306,TankGame.getLastDrip
FNDA:2,TankGame.getLastDrip
DA:307,2
FNF:20
FNH:19
LF:119
LH:117
BRF:54
BRH:47
end_of_record
TN:
SF:src/view/GameView.sol
FN:20,GameView.getAllTanks
FNDA:1,GameView.getAllTanks
DA:21,1
DA:24,1
DA:25,1
DA:26,1
DA:27,1
DA:29,1
FNF:1
FNH:1
LF:6
LH:6
BRF:0
BRH:0
end_of_record
